\BOOKMARK [1][-]{section.0.1}{\376\377\000R\000a\000t\000i\000o\000n\000a\000l\000e}{}% 1
\BOOKMARK [1][-]{section.0.2}{\376\377\000G\000e\000n\000e\000r\000a\000l\000\040\000A\000i\000r\000f\000o\000i\000l\000\040\000C\000o\000m\000p\000a\000r\000i\000s\000o\000n\000s}{}% 2
\BOOKMARK [2][-]{subsection.0.2.1}{\376\377\000"\000F\000a\000t\000"\000\040\000A\000i\000r\000f\000o\000i\000l\000s}{section.0.2}% 3
\BOOKMARK [2][-]{subsection.0.2.2}{\376\377\000"\000T\000h\000i\000n\000"\000\040\000A\000i\000r\000f\000o\000i\000l\000s}{section.0.2}% 4
\BOOKMARK [1][-]{section.0.3}{\376\377\000I\000n\000i\000t\000i\000a\000l\000\040\000A\000i\000r\000f\000o\000i\000l\000\040\000S\000e\000l\000e\000c\000t\000i\000o\000n}{}% 5
\BOOKMARK [1][-]{section.0.4}{\376\377\000A\000i\000r\000f\000o\000i\000l\000\040\000C\000o\000m\000p\000u\000t\000a\000t\000i\000o\000n\000a\000l\000\040\000A\000n\000a\000l\000y\000s\000i\000s}{}% 6
\BOOKMARK [1][-]{section.0.5}{\376\377\000A\000l\000g\000o\000r\000i\000t\000h\000m\000\040\000D\000e\000v\000e\000l\000o\000p\000m\000e\000n\000t}{}% 7
\BOOKMARK [2][-]{subsection.0.5.1}{\376\377\000S\000e\000t\000u\000p\000\137\000A\000i\000r\000f\000o\000i\000l\000\137\000S\000e\000l\000e\000c\000t\000i\000o\000n\000\137\000A\000l\000g\000o\000r\000i\000t\000h\000m}{section.0.5}% 8
\BOOKMARK [2][-]{subsection.0.5.2}{\376\377\000F\000e\000t\000c\000h\000\137\000A\000i\000r\000f\000o\000i\000l\000s}{section.0.5}% 9
\BOOKMARK [2][-]{subsection.0.5.3}{\376\377\000P\000r\000o\000d\000u\000c\000e\000\137\000A\000i\000r\000f\000o\000i\000l\000\137\000L\000i\000s\000t}{section.0.5}% 10
\BOOKMARK [2][-]{subsection.0.5.4}{\376\377\000M\000a\000k\000e\000\137\000A\000i\000r\000f\000o\000i\000l\000\137\000D\000i\000r\000e\000c\000t\000o\000r\000i\000e\000s}{section.0.5}% 11
\BOOKMARK [2][-]{subsection.0.5.5}{\376\377\000M\000o\000v\000e\000\137\000A\000i\000r\000f\000o\000i\000l\000\137\000D\000i\000r\000e\000c\000t\000o\000r\000i\000e\000s}{section.0.5}% 12
\BOOKMARK [2][-]{subsection.0.5.6}{\376\377\000M\000u\000l\000t\000i\000\137\000A\000i\000r\000f\000o\000i\000l\000\137\000A\000n\000a\000l\000y\000s\000i\000s}{section.0.5}% 13
\BOOKMARK [2][-]{subsection.0.5.7}{\376\377\000A\000v\000e\000\137\000C\000L\000\137\000M\000a\000x\000.\000p\000y}{section.0.5}% 14
\BOOKMARK [2][-]{subsection.0.5.8}{\376\377\000S\000i\000n\000g\000l\000e\000\137\000A\000i\000r\000f\000o\000i\000l\000\137\000R\000e\000\137\000A\000n\000a\000l\000y\000s\000i\000s}{section.0.5}% 15
\BOOKMARK [2][-]{subsection.0.5.9}{\376\377\000G\000e\000n\000\137\000I\000n\000p\000u\000t\000\137\000F\000i\000l\000e}{section.0.5}% 16
\BOOKMARK [2][-]{subsection.0.5.10}{\376\377\000C\000o\000m\000m\000e\000n\000t\000\137\000O\000u\000t}{section.0.5}% 17
\BOOKMARK [2][-]{subsection.0.5.11}{\376\377\000R\000e\000a\000d\000\137\000P\000o\000l\000a\000r\000.\000p\000y}{section.0.5}% 18
\BOOKMARK [2][-]{subsection.0.5.12}{\376\377\000P\000l\000o\000t\000\137\000A\000i\000r\000f\000o\000i\000l\000\137\000G\000e\000o\000m\000.\000p\000y}{section.0.5}% 19
\BOOKMARK [2][-]{subsection.0.5.13}{\376\377\000P\000l\000o\000t\000\137\000C\000L\000M\000a\000x\000\137\000R\000e\000.\000p\000y}{section.0.5}% 20
\BOOKMARK [2][-]{subsection.0.5.14}{\376\377\000P\000l\000o\000t\000\137\000C\000L\000\137\000A\000l\000p\000h\000a\000.\000p\000y}{section.0.5}% 21
\BOOKMARK [1][-]{section.0.6}{\376\377\000R\000e\000s\000u\000l\000t\000s\000\040\000o\000f\000\040\000C\000o\000m\000p\000u\000t\000a\000t\000i\000o\000n\000a\000l\000\040\000A\000n\000a\000l\000y\000s\000i\000s}{}% 22
\BOOKMARK [1][-]{section.0.7}{\376\377\000A\000i\000r\000f\000o\000i\000l\000\040\000E\000x\000p\000e\000r\000i\000m\000e\000n\000t\000a\000l\000\040\000A\000n\000a\000l\000y\000s\000i\000s}{}% 23
\BOOKMARK [1][-]{section.0.8}{\376\377\000W\000i\000n\000g\000\040\000D\000e\000s\000i\000g\000n}{}% 24
